23:37:46 **** Clean-only build of configuration Debug for project TPM ****
make clean 
rm -rf  ./Sources/main.o  ./Project_Settings/Startup_Code/startup_MKL25Z4.o ./Project_Settings/Startup_Code/system_MKL25Z4.o  ./Sources/main.d  ./Project_Settings/Startup_Code/system_MKL25Z4.d  ./Project_Settings/Startup_Code/startup_MKL25Z4.d  TPM.elf
 
23:37:47 **** Build of configuration Debug for project TPM ****
make all 
Building file: ../Sources/main.c
Invoking: Cross ARM C Compiler
arm-none-eabi-gcc -mcpu=cortex-m0plus -mthumb -O0 -fmessage-length=0 -fsigned-char -ffunction-sections -fdata-sections  -g3 -I"../Sources" -I"../Includes" -std=c99 -MMD -MP -MF"Sources/main.d" -MT"Sources/main.o" -c -o "Sources/main.o" "../Sources/main.c"
Finished building: ../Sources/main.c
 
Building file: ../Project_Settings/Startup_Code/startup_MKL25Z4.S
Invoking: Cross ARM GNU Assembler
arm-none-eabi-gcc -mcpu=cortex-m0plus -mthumb -O0 -fmessage-length=0 -fsigned-char -ffunction-sections -fdata-sections  -g3 -x assembler-with-cpp -MMD -MP -MF"Project_Settings/Startup_Code/startup_MKL25Z4.d" -MT"Project_Settings/Startup_Code/startup_MKL25Z4.o" -c -o "Project_Settings/Startup_Code/startup_MKL25Z4.o" "../Project_Settings/Startup_Code/startup_MKL25Z4.S"
Finished building: ../Project_Settings/Startup_Code/startup_MKL25Z4.S
 
Building file: ../Project_Settings/Startup_Code/system_MKL25Z4.c
Invoking: Cross ARM C Compiler
arm-none-eabi-gcc -mcpu=cortex-m0plus -mthumb -O0 -fmessage-length=0 -fsigned-char -ffunction-sections -fdata-sections  -g3 -I"../Sources" -I"../Includes" -std=c99 -MMD -MP -MF"Project_Settings/Startup_Code/system_MKL25Z4.d" -MT"Project_Settings/Startup_Code/system_MKL25Z4.o" -c -o "Project_Settings/Startup_Code/system_MKL25Z4.o" "../Project_Settings/Startup_Code/system_MKL25Z4.c"
Finished building: ../Project_Settings/Startup_Code/system_MKL25Z4.c
 
Building file: ../.metadata/.plugins/org.eclipse.cdt.make.core/specs.c
Invoking: Cross ARM C Compiler
arm-none-eabi-gcc -mcpu=cortex-m0plus -mthumb -O0 -fmessage-length=0 -fsigned-char -ffunction-sections -fdata-sections  -g3 -I"../Sources" -I"../Includes" -std=c99 -MMD -MP -MF".metadata/.plugins/org.eclipse.cdt.make.core/specs.d" -MT".metadata/.plugins/org.eclipse.cdt.make.core/specs.o" -c -o ".metadata/.plugins/org.eclipse.cdt.make.core/specs.o" "../.metadata/.plugins/org.eclipse.cdt.make.core/specs.c"
Finished building: ../.metadata/.plugins/org.eclipse.cdt.make.core/specs.c
 
Building target: TPM.elf
Invoking: Cross ARM C++ Linker
arm-none-eabi-g++ -mcpu=cortex-m0plus -mthumb -O0 -fmessage-length=0 -fsigned-char -ffunction-sections -fdata-sections  -g3 -T "MKL25Z128xxx4_flash.ld" -Xlinker --gc-sections -L"D:/Homework/PES/Homework 5/TPM/Project_Settings/Linker_Files" -Wl,-Map,"TPM.map" -specs=nano.specs -specs=nosys.specs -o "TPM.elf"  ./Sources/main.o  ./Project_Settings/Startup_Code/startup_MKL25Z4.o ./Project_Settings/Startup_Code/system_MKL25Z4.o  ./.metadata/.plugins/org.eclipse.cdt.make.core/specs.o   
Finished building target: TPM.elf
 
23:38:17 **** Incremental Build of configuration Debug for project TPM ****
make all 
make: Nothing to be done for 'all'.
17:34:28 **** Incremental Build of configuration Debug for project TPM ****
make all 
make: Nothing to be done for 'all'.
17:34:32 **** Incremental Build of configuration Debug for project TPM ****
make all 
make: Nothing to be done for 'all'.
17:34:38 **** Incremental Build of configuration Debug for project TPM ****
make all 
make: Nothing to be done for 'all'.
17:34:49 **** Incremental Build of configuration Debug for project TPM ****
make all 
make: Nothing to be done for 'all'.
17:35:22 **** Incremental Build of configuration Debug for project TPM ****
make all 
make: Nothing to be done for 'all'.
