2017-12-07 23:15:38,150 INFO 2017-12-07 19:02:15 DATA_ANALYSIS_STARTED
2017-12-07 23:15:38,150 INFO 2017-12-07 19:02:15 RTC_INITIALIZED
2017-12-07 23:15:38,150 INFO 2017-12-07 19:02:15 GPIO_INITIALIZED
2017-12-07 23:15:38,150 INFO 2017-12-07 19:02:15 SPI_INITIALIZED
2017-12-07 23:15:38,151 INFO 2017-12-07 19:02:15 LOGGER_INITIALIZED
2017-12-07 23:15:38,151 INFO 2017-12-07 19:02:15 SYSTEM_INITIALIZED
2017-12-07 23:15:38,151 INFO 2017-12-07 19:02:15 INFO
2017-12-07 23:15:38,151 INFO 2017-12-07 19:02:15 INFO
2017-12-07 23:15:38,151 INFO 2017-12-07 19:02:15 INFO
2017-12-07 23:15:38,152 INFO 2017-12-07 19:02:15 INFO
2017-12-07 23:15:38,152 INFO 2017-12-07 19:02:15 INFO
2017-12-07 23:15:38,152 INFO 2017-12-07 19:02:15 INFO
2017-12-07 23:15:38,158 INFO 2017-12-07 19:02:15 INFO
2017-12-07 23:15:38,159 INFO 2017-12-07 19:02:15 INFO
2017-12-07 23:15:38,159 INFO 2017-12-07 19:02:15 DATA_ANALYSIS_STARTED
2017-12-07 23:15:38,159 INFO 2017-12-07 19:02:15 DATA_ALPHA_COUNT
2017-12-07 23:15:38,159 INFO 2017-12-07 19:02:15 NUMERIC_COUNT
2017-12-07 23:15:38,159 INFO 2017-12-07 19:02:15 DATA_PUNCTUATION_COUNT
2017-12-07 23:15:38,160 INFO 2017-12-07 19:02:15 DATA_MISC_COUNT
2017-12-07 23:15:38,160 INFO 2017-12-07 19:02:15 DATA_ANALYSIS_COMPLETED
2017-12-07 23:15:38,160 INFO 2017-12-07 19:04:14 HEARTBEAT
2017-12-07 23:15:38,160 INFO 2017-12-07 19:04:15 HEARTBEAT
2017-12-07 23:15:38,160 INFO 2017-12-07 19:04:16 HEARTBEAT
2017-12-07 23:15:38,160 INFO 2017-12-07 19:04:17 HEARTBEAT
2017-12-07 23:15:38,161 INFO 2017-12-07 19:04:18 HEARTBEAT
2017-12-07 23:15:38,161 INFO 2017-12-07 19:04:19 HEARTBEAT
2017-12-07 23:15:38,161 INFO 2017-12-07 19:04:20 HEARTBEAT
2017-12-07 23:15:38,161 INFO 2017-12-07 19:04:21 HEARTBEAT
2017-12-07 23:15:38,161 INFO 2017-12-07 19:04:22 HEARTBEAT
2017-12-07 23:15:38,161 INFO 2017-12-07 19:04:23 HEARTBEAT
2017-12-07 23:15:38,162 INFO 2017-12-07 19:04:24 HEARTBEAT
2017-12-07 23:15:38,162 INFO 2017-12-07 19:04:25 HEARTBEAT
2017-12-07 23:15:38,162 INFO 2017-12-07 19:04:26 HEARTBEAT
2017-12-07 23:15:38,162 INFO 2017-12-07 19:04:27 HEARTBEAT
2017-12-07 23:15:38,162 INFO 2017-12-07 19:04:28 HEARTBEAT
